2025-04-27 21:22:18,561 - utils - INFO - get_date_time:Перевод DataFrame в формат datetime
2025-04-27 21:22:18,563 - utils - INFO - get_date_time:Вывод список дат
2025-04-27 21:22:18,574 - utils - INFO - top_5_transaction:Создаётся список
2025-04-27 21:22:18,575 - utils - INFO - top_5_transaction:Идёт сортировка от наибольших трат к наименьшему
2025-04-27 21:22:18,575 - utils - INFO - top_5_transaction:добавление транзакций и результирующий список
2025-04-27 21:22:18,579 - utils - INFO - currency_rate:открытие и чтение файла
2025-04-27 21:22:18,580 - utils - INFO - currency_rate:Создание результирующего списка
2025-04-27 21:22:18,580 - utils - INFO - currency_rate:Идёт процесс получение данных о курсе рубля
2025-04-27 21:22:18,580 - utils - INFO - currency_rate:Добавление полученных данных в результирующий словарь
2025-04-27 21:22:18,583 - utils - INFO - stock_prices:открытие и чтение файла
2025-04-27 21:22:18,583 - utils - INFO - stock_prices:Создание результирующего списка
2025-04-27 21:22:18,583 - utils - INFO - stock_prices:Идёт процесс получение цен
2025-04-27 21:22:18,584 - utils - INFO - stock_prices:Добавление полученных данных в результирующий словарь
2025-02-25 09:35:50,032 - utils - INFO - time_of_the_day:Начался процесс определения времени суток
2025-02-25 09:35:50,032 - utils - INFO - getting_the_current_time:Получение текущего времени
2025-02-25 21:35:50,032 - utils - INFO - time_of_the_day:Начался процесс определения времени суток
2025-02-25 21:35:50,032 - utils - INFO - getting_the_current_time:Получение текущего времени
2025-02-25 21:35:50,032 - utils - INFO - getting_the_current_time:Получение текущего времени
2025-02-25 21:35:50,032 - utils - INFO - getting_the_current_time:Получение текущего времени
2025-02-25 17:35:50,032 - utils - INFO - time_of_the_day:Начался процесс определения времени суток
2025-02-25 17:35:50,032 - utils - INFO - getting_the_current_time:Получение текущего времени
2025-02-25 17:35:50,032 - utils - INFO - getting_the_current_time:Получение текущего времени
2025-02-25 06:35:50,032 - utils - INFO - time_of_the_day:Начался процесс определения времени суток
2025-02-25 06:35:50,032 - utils - INFO - getting_the_current_time:Получение текущего времени
2025-02-25 06:35:50,032 - utils - INFO - getting_the_current_time:Получение текущего времени
2025-02-25 06:35:50,032 - utils - INFO - getting_the_current_time:Получение текущего времени
2025-02-25 06:35:50,032 - utils - INFO - getting_the_current_time:Получение текущего времени
